<?xml version="1.0" encoding="UTF-8"?>
<testsuite xmlns:xsi="http://www.w3.org/2001/XMLSchema-instance" xsi:noNamespaceSchemaLocation="https://maven.apache.org/surefire/maven-surefire-plugin/xsd/surefire-test-report.xsd" version="3.0.2" name="com.photoizer.crm.CrmApplicationTests" time="3.055" tests="1" errors="0" skipped="0" failures="0" flakes="0">
  <properties>
[...]
</properties>
  <testcase name="contextLoads" classname="com.photoizer.crm.CrmApplicationTests" time="0.218">
    <system-out><![CDATA[20:19:56.662 [main] INFO org.springframework.test.context.support.AnnotationConfigContextLoaderUtils -- Could not detect default configuration classes for test class [com.photoizer.crm.CrmApplicationTests]: CrmApplicationTests does not declare any static, non-private, non-final, nested classes annotated with @Configuration.
20:19:56.707 [main] INFO org.springframework.boot.test.context.SpringBootTestContextBootstrapper -- Found @SpringBootConfiguration com.photoizer.crm.CrmApplication for test class com.photoizer.crm.CrmApplicationTests
20:19:56.736 [main] INFO org.springframework.test.context.support.AnnotationConfigContextLoaderUtils -- Could not detect default configuration classes for test class [com.photoizer.crm.CrmApplicationTests]: CrmApplicationTests does not declare any static, non-private, non-final, nested classes annotated with @Configuration.
20:19:56.737 [main] INFO org.springframework.boot.test.context.SpringBootTestContextBootstrapper -- Found @SpringBootConfiguration com.photoizer.crm.CrmApplication for test class com.photoizer.crm.CrmApplicationTests

  .   ____          _            __ _ _
 /\\ / ___'_ __ _ _(_)_ __  __ _ \ \ \ \
( ( )\___ | '_ | '_| | '_ \/ _` | \ \ \ \
 \\/  ___)| |_)| | | | | || (_| |  ) ) ) )
  '  |____| .__|_| |_|_| |_\__, | / / / /
 =========|_|==============|___/=/_/_/_/

 :: Spring Boot ::                (v4.1.0)

2026-07-22 20:19:56.860 [background-preinit] &amp#27;[34mINFO &amp#27;[0;39m o.h.validator.internal.util.Version [] - HV000001: Hibernate Validator 9.1.0.Final
2026-07-22 20:19:56.868 [main] &amp#27;[34mINFO &amp#27;[0;39m c.photoizer.crm.CrmApplicationTests [] - Starting CrmApplicationTests using Java 25.0.3 with PID 1673 (started by hugo in /Users/hugo/Documents/Workspace/crm/photoizer-backend)
2026-07-22 20:19:56.868 [main] &amp#27;[39mDEBUG&amp#27;[0;39m c.photoizer.crm.CrmApplicationTests [] - Running with Spring Boot v4.1.0, Spring v7.0.8
2026-07-22 20:19:56.868 [main] &amp#27;[34mINFO &amp#27;[0;39m c.photoizer.crm.CrmApplicationTests [] - No active profile set, falling back to 1 default profile: "default"
2026-07-22 20:19:57.283 [main] &amp#27;[34mINFO &amp#27;[0;39m o.s.d.r.c.RepositoryConfigurationDelegate [] - Bootstrapping Spring Data JPA repositories in DEFAULT mode.
2026-07-22 20:19:57.331 [main] &amp#27;[34mINFO &amp#27;[0;39m o.s.d.r.c.RepositoryConfigurationDelegate [] - Finished Spring Data repository scanning in 43 ms. Found 16 JPA repository interfaces.
2026-07-22 20:19:57.595 [main] &amp#27;[34mINFO &amp#27;[0;39m org.hibernate.orm.jpa [] - HHH008540: Processing PersistenceUnitInfo [name: default]
2026-07-22 20:19:57.618 [main] &amp#27;[34mINFO &amp#27;[0;39m org.hibernate.orm.core [] - HHH000001: Hibernate ORM core version 7.4.1.Final
2026-07-22 20:19:57.774 [main] &amp#27;[34mINFO &amp#27;[0;39m o.s.o.j.p.SpringPersistenceUnitInfo [] - No LoadTimeWeaver setup: ignoring JPA class transformer
2026-07-22 20:19:57.786 [main] &amp#27;[34mINFO &amp#27;[0;39m com.zaxxer.hikari.HikariDataSource [] - HikariPool-1 - Starting...
2026-07-22 20:19:57.881 [main] &amp#27;[34mINFO &amp#27;[0;39m com.zaxxer.hikari.pool.HikariPool [] - HikariPool-1 - Added connection conn0: url=jdbc:h2:file:./data/crmdb user=SA
2026-07-22 20:19:57.882 [main] &amp#27;[34mINFO &amp#27;[0;39m com.zaxxer.hikari.HikariDataSource [] - HikariPool-1 - Start completed.
2026-07-22 20:19:57.892 [main] &amp#27;[31mWARN &amp#27;[0;39m org.hibernate.orm.deprecation [] - HHH90000025: H2Dialect does not need to be specified explicitly using 'hibernate.dialect' (remove the property setting and it will be selected by default)
2026-07-22 20:19:57.900 [main] &amp#27;[34mINFO &amp#27;[0;39m o.hibernate.orm.connections.pooling [] - HHH10001005: Database info:
	Database JDBC URL [jdbc:h2:file:./data/crmdb]
	Database driver: H2 JDBC Driver
	Database dialect: H2Dialect
	Database version: 2.4.240
	Default catalog/schema: CRMDB/PUBLIC
	Autocommit mode: undefined/unknown
	Isolation level: READ_COMMITTED [default READ_COMMITTED]
	JDBC fetch size: 100
	Pool: DataSourceConnectionProvider
	Minimum pool size: undefined/unknown
	Maximum pool size: undefined/unknown
2026-07-22 20:19:58.360 [main] &amp#27;[34mINFO &amp#27;[0;39m org.hibernate.orm.core [] - HHH000489: No JTA platform available (set 'hibernate.transaction.jta.platform' to enable JTA platform integration)
2026-07-22 20:19:58.384 [main] &amp#27;[34mINFO &amp#27;[0;39m o.s.o.j.LocalContainerEntityManagerFactoryBean [] - Initialized JPA EntityManagerFactory for persistence unit 'default'
2026-07-22 20:19:58.424 [main] &amp#27;[34mINFO &amp#27;[0;39m o.s.d.j.r.q.QueryEnhancerFactories [] - Hibernate is in classpath; If applicable, HQL parser will be used.
2026-07-22 20:19:59.009 [main] &amp#27;[31mWARN &amp#27;[0;39m o.s.b.j.a.JpaBaseConfiguration$JpaWebConfiguration [] - spring.jpa.open-in-view is enabled by default. Therefore, database queries may be performed during view rendering. Explicitly configure spring.jpa.open-in-view to disable this warning
2026-07-22 20:19:59.058 [main] &amp#27;[34mINFO &amp#27;[0;39m o.s.s.c.a.a.c.InitializeUserDetailsBeanManagerConfigurer$InitializeUserDetailsManagerConfigurer [] - Global AuthenticationManager configured with UserDetailsService bean with name userDetailsService
2026-07-22 20:19:59.293 [main] &amp#27;[34mINFO &amp#27;[0;39m o.s.b.h.a.H2ConsoleAutoConfiguration [] - H2 console available at '/h2-console'. Database available at 'jdbc:h2:file:./data/crmdb'
2026-07-22 20:19:59.346 [main] &amp#27;[34mINFO &amp#27;[0;39m o.s.b.a.e.web.EndpointLinksResolver [] - Exposing 1 endpoint beneath base path '/actuator'
2026-07-22 20:19:59.376 [main] &amp#27;[34mINFO &amp#27;[0;39m o.s.s.config.TaskSchedulerRouter [] - No TaskScheduler/ScheduledExecutorService bean found for scheduled processing
2026-07-22 20:19:59.378 [main] &amp#27;[34mINFO &amp#27;[0;39m c.photoizer.crm.CrmApplicationTests [] - Started CrmApplicationTests in 2.616 seconds (process running for 2.978)
]]></system-out>
    <system-err><![CDATA[Mockito is currently self-attaching to enable the inline-mock-maker. This will no longer work in future releases of the JDK. Please add Mockito as an agent to your build as described in Mockito's documentation: https://javadoc.io/doc/org.mockito/mockito-core/latest/org.mockito/org/mockito/Mockito.html#0.3
WARNING: A Java agent has been loaded dynamically (/Users/hugo/.m2/repository/net/bytebuddy/byte-buddy-agent/1.18.10/byte-buddy-agent-1.18.10.jar)
WARNING: If a serviceability tool is in use, please run with -XX:+EnableDynamicAgentLoading to hide this warning
WARNING: If a serviceability tool is not in use, please run with -Djdk.instrument.traceUsage for more information
WARNING: Dynamic loading of agents will be disallowed by default in a future release
]]></system-err>
  </testcase>
</testsuite>